[debug] [2023-05-17T10:16:57.613Z] ----------------------------------------------------------------------
[debug] [2023-05-17T10:16:57.615Z] Command:       C:\Program Files\nodejs\node.exe C:\Users\HP\AppData\Roaming\npm\node_modules\firebase-tools\lib\bin\firebase.js deploy
[debug] [2023-05-17T10:16:57.616Z] CLI Version:   11.25.3
[debug] [2023-05-17T10:16:57.616Z] Platform:      win32
[debug] [2023-05-17T10:16:57.616Z] Node Version:  v16.16.0
[debug] [2023-05-17T10:16:57.618Z] Time:          Wed May 17 2023 15:16:57 GMT+0500 (Pakistan Standard Time)
[debug] [2023-05-17T10:16:57.618Z] ----------------------------------------------------------------------
[debug] 
[debug] [2023-05-17T10:16:57.722Z] > command requires scopes: ["email","openid","https://www.googleapis.com/auth/cloudplatformprojects.readonly","https://www.googleapis.com/auth/firebase","https://www.googleapis.com/auth/cloud-platform"]
[debug] [2023-05-17T10:16:57.723Z] > authorizing via signed-in user (asimmaqsood57@gmail.com)
[debug] [2023-05-17T10:16:57.723Z] [iam] checking project meta-wear for permissions ["firebase.projects.get","firebasehosting.sites.update"]
[debug] [2023-05-17T10:16:57.725Z] > refreshing access token with scopes: []
[debug] [2023-05-17T10:16:57.728Z] >>> [apiv2][query] POST https://www.googleapis.com/oauth2/v3/token [none]
[debug] [2023-05-17T10:16:57.728Z] >>> [apiv2][body] POST https://www.googleapis.com/oauth2/v3/token [omitted]
[debug] [2023-05-17T10:16:59.747Z] <<< [apiv2][status] POST https://www.googleapis.com/oauth2/v3/token 200
[debug] [2023-05-17T10:16:59.748Z] <<< [apiv2][body] POST https://www.googleapis.com/oauth2/v3/token [omitted]
[debug] [2023-05-17T10:16:59.761Z] >>> [apiv2][query] POST https://cloudresourcemanager.googleapis.com/v1/projects/meta-wear:testIamPermissions [none]
[debug] [2023-05-17T10:16:59.761Z] >>> [apiv2][(partial)header] POST https://cloudresourcemanager.googleapis.com/v1/projects/meta-wear:testIamPermissions x-goog-quota-user=projects/meta-wear
[debug] [2023-05-17T10:16:59.762Z] >>> [apiv2][body] POST https://cloudresourcemanager.googleapis.com/v1/projects/meta-wear:testIamPermissions {"permissions":["firebase.projects.get","firebasehosting.sites.update"]}
[debug] [2023-05-17T10:17:04.922Z] <<< [apiv2][status] POST https://cloudresourcemanager.googleapis.com/v1/projects/meta-wear:testIamPermissions 200
[debug] [2023-05-17T10:17:04.922Z] <<< [apiv2][body] POST https://cloudresourcemanager.googleapis.com/v1/projects/meta-wear:testIamPermissions {"permissions":["firebase.projects.get","firebasehosting.sites.update"]}
[debug] [2023-05-17T10:17:04.925Z] >>> [apiv2][query] GET https://firebase.googleapis.com/v1beta1/projects/meta-wear [none]
[debug] [2023-05-17T10:17:05.716Z] <<< [apiv2][status] GET https://firebase.googleapis.com/v1beta1/projects/meta-wear 200
[debug] [2023-05-17T10:17:05.717Z] <<< [apiv2][body] GET https://firebase.googleapis.com/v1beta1/projects/meta-wear {"projectId":"meta-wear","projectNumber":"281121784364","displayName":"meta-wear","name":"projects/meta-wear","resources":{"hostingSite":"meta-wear"},"state":"ACTIVE","etag":"1_f7a657e0-f496-4570-b2e4-fb4f3bc139a9"}
[info] 
[info] === Deploying to 'meta-wear'...
[info] 
[info] i  deploying hosting 
[debug] [2023-05-17T10:17:05.728Z] >>> [apiv2][query] POST https://firebasehosting.googleapis.com/v1beta1/projects/-/sites/meta-wear/versions [none]
[debug] [2023-05-17T10:17:05.728Z] >>> [apiv2][body] POST https://firebasehosting.googleapis.com/v1beta1/projects/-/sites/meta-wear/versions {"status":"CREATED","labels":{"deployment-tool":"cli-firebase"}}
[debug] [2023-05-17T10:17:06.696Z] <<< [apiv2][status] POST https://firebasehosting.googleapis.com/v1beta1/projects/-/sites/meta-wear/versions 200
[debug] [2023-05-17T10:17:06.696Z] <<< [apiv2][body] POST https://firebasehosting.googleapis.com/v1beta1/projects/-/sites/meta-wear/versions {"name":"projects/281121784364/sites/meta-wear/versions/0873405f7ebfa8b5","status":"CREATED","config":{},"labels":{"deployment-tool":"cli-firebase"}}
